TN:
SF:src/modificacion/addReduce.ts
FN:12,(anonymous_0)
FN:20,(anonymous_1)
FN:27,(anonymous_2)
FN:28,(anonymous_3)
FN:36,(anonymous_4)
FNF:5
FNH:5
FNDA:2,(anonymous_0)
FNDA:1,(anonymous_1)
FNDA:1,(anonymous_2)
FNDA:3,(anonymous_3)
FNDA:1,(anonymous_4)
DA:1,1
DA:6,1
DA:12,2
DA:13,2
DA:14,2
DA:21,1
DA:28,1
DA:29,3
DA:37,1
LF:9
LH:9
BRF:0
BRH:0
end_of_record
TN:
SF:src/modificacion/reduce.ts
FN:10,(anonymous_0)
FN:17,(anonymous_1)
FN:55,(anonymous_2)
FN:60,(anonymous_3)
FN:65,(anonymous_4)
FNF:5
FNH:5
FNDA:2,(anonymous_0)
FNDA:1,(anonymous_1)
FNDA:1,(anonymous_2)
FNDA:1,(anonymous_3)
FNDA:1,(anonymous_4)
DA:4,1
DA:11,2
DA:19,1
DA:22,1
DA:25,1
DA:28,1
DA:31,1
DA:34,1
LF:8
LH:8
BRF:0
BRH:0
end_of_record
