TN:
SF:src/modificacion/addReduce.ts
FN:12,(anonymous_0)
FN:20,(anonymous_1)
FN:27,(anonymous_2)
FN:28,(anonymous_3)
FN:36,(anonymous_4)
FNF:5
FNH:5
FNDA:2,(anonymous_0)
FNDA:1,(anonymous_1)
FNDA:1,(anonymous_2)
FNDA:3,(anonymous_3)
FNDA:1,(anonymous_4)
DA:1,1
DA:6,1
DA:12,2
DA:13,2
DA:14,2
DA:21,1
DA:28,1
DA:29,3
DA:37,1
LF:9
LH:9
BRF:0
BRH:0
end_of_record
TN:
SF:src/modificacion/reduce.ts
FN:10,(anonymous_0)
FN:17,(anonymous_1)
FN:55,(anonymous_2)
FN:60,(anonymous_3)
FN:65,(anonymous_4)
FNF:5
FNH:5
FNDA:4,(anonymous_0)
FNDA:2,(anonymous_1)
FNDA:2,(anonymous_2)
FNDA:2,(anonymous_3)
FNDA:2,(anonymous_4)
DA:4,1
DA:11,4
DA:19,2
DA:22,2
DA:25,2
DA:28,2
DA:31,2
DA:34,2
LF:8
LH:8
BRF:0
BRH:0
end_of_record
TN:
SF:src/modificacion/subReduce.ts
FN:12,(anonymous_0)
FN:20,(anonymous_1)
FN:27,(anonymous_2)
FN:28,(anonymous_3)
FN:36,(anonymous_4)
FNF:5
FNH:5
FNDA:2,(anonymous_0)
FNDA:1,(anonymous_1)
FNDA:1,(anonymous_2)
FNDA:3,(anonymous_3)
FNDA:1,(anonymous_4)
DA:1,1
DA:6,1
DA:12,2
DA:13,2
DA:14,2
DA:21,1
DA:28,1
DA:29,3
DA:37,1
LF:9
LH:9
BRF:0
BRH:0
end_of_record
TN:
SF:src/notas/nota.ts
FN:25,(anonymous_6)
FN:31,(anonymous_7)
FN:39,(anonymous_8)
FN:47,(anonymous_9)
FN:55,(anonymous_10)
FN:63,(anonymous_11)
FNF:6
FNH:6
FNDA:9,(anonymous_6)
FNDA:1,(anonymous_7)
FNDA:1,(anonymous_8)
FNDA:1,(anonymous_9)
FNDA:7,(anonymous_10)
FNDA:7,(anonymous_11)
DA:7,1
DA:18,1
DA:25,9
DA:32,1
DA:40,1
DA:48,1
DA:56,7
DA:57,7
DA:64,7
DA:66,1
DA:67,1
DA:69,1
DA:70,1
DA:72,1
DA:73,1
DA:75,1
DA:76,1
DA:78,1
DA:79,1
DA:81,1
DA:82,1
DA:84,1
DA:85,1
LF:23
LH:23
BRDA:64,0,0,1
BRDA:64,0,1,1
BRDA:64,0,2,1
BRDA:64,0,3,1
BRDA:64,0,4,1
BRDA:64,0,5,1
BRDA:64,0,6,1
BRF:7
BRH:7
end_of_record
